[03-Apr-2020 14:54:20 UTC] PHP Warning:  mysqli::mysqli(): (HY000/1045): Access denied for user 'root'@'localhost' (using password: YES) in /home/firealer/public_html/status.php on line 11
[03-Apr-2020 14:57:48 UTC] PHP Warning:  mysqli::mysqli(): (HY000/1045): Access denied for user 'root'@'localhost' (using password: YES) in /home/firealer/public_html/status.php on line 11
[03-Apr-2020 15:28:18 UTC] PHP Warning:  mysqli::mysqli(): (HY000/1045): Access denied for user 'root'@'localhost' (using password: YES) in /home/firealer/public_html/status.php on line 11
[03-Apr-2020 15:28:37 UTC] PHP Warning:  mysqli::mysqli(): (HY000/1045): Access denied for user 'root'@'localhost' (using password: YES) in /home/firealer/public_html/status.php on line 11
[03-Apr-2020 16:25:42 UTC] PHP Warning:  mysqli::mysqli(): (HY000/1045): Access denied for user 'root'@'localhost' (using password: YES) in /home/firealer/public_html/status.php on line 11
[03-Apr-2020 16:25:55 UTC] PHP Warning:  mysqli::mysqli(): (HY000/1045): Access denied for user 'root'@'localhost' (using password: YES) in /home/firealer/public_html/status.php on line 11
[03-Apr-2020 16:27:07 UTC] PHP Warning:  mysqli::mysqli(): (HY000/1045): Access denied for user 'root'@'localhost' (using password: YES) in /home/firealer/public_html/status.php on line 11
[03-Apr-2020 16:30:22 UTC] PHP Warning:  mysqli::mysqli(): (HY000/1045): Access denied for user 'root'@'localhost' (using password: NO) in /home/firealer/public_html/status.php on line 11
[03-Apr-2020 16:32:00 UTC] PHP Warning:  mysqli::mysqli(): php_network_getaddresses: getaddrinfo failed: Name or service not known in /home/firealer/public_html/status.php on line 11
[03-Apr-2020 16:32:00 UTC] PHP Warning:  mysqli::mysqli(): (HY000/2002): php_network_getaddresses: getaddrinfo failed: Name or service not known in /home/firealer/public_html/status.php on line 11
[03-Apr-2020 16:32:34 UTC] PHP Warning:  mysqli::mysqli(): php_network_getaddresses: getaddrinfo failed: Name or service not known in /home/firealer/public_html/status.php on line 11
[03-Apr-2020 16:32:34 UTC] PHP Warning:  mysqli::mysqli(): (HY000/2002): php_network_getaddresses: getaddrinfo failed: Name or service not known in /home/firealer/public_html/status.php on line 11
[03-Apr-2020 16:33:44 UTC] PHP Warning:  mysqli::mysqli(): php_network_getaddresses: getaddrinfo failed: Name or service not known in /home/firealer/public_html/status.php on line 11
[03-Apr-2020 16:33:44 UTC] PHP Warning:  mysqli::mysqli(): (HY000/2002): php_network_getaddresses: getaddrinfo failed: Name or service not known in /home/firealer/public_html/status.php on line 11
[03-Apr-2020 16:33:49 UTC] PHP Warning:  mysqli::mysqli(): php_network_getaddresses: getaddrinfo failed: Name or service not known in /home/firealer/public_html/status.php on line 11
[03-Apr-2020 16:33:49 UTC] PHP Warning:  mysqli::mysqli(): (HY000/2002): php_network_getaddresses: getaddrinfo failed: Name or service not known in /home/firealer/public_html/status.php on line 11
[03-Apr-2020 16:45:21 UTC] PHP Warning:  mysqli::mysqli(): php_network_getaddresses: getaddrinfo failed: Name or service not known in /home/firealer/public_html/status.php on line 11
[03-Apr-2020 16:45:21 UTC] PHP Warning:  mysqli::mysqli(): (HY000/2002): php_network_getaddresses: getaddrinfo failed: Name or service not known in /home/firealer/public_html/status.php on line 11
[03-Apr-2020 16:48:06 UTC] PHP Warning:  mysqli::mysqli(): (HY000/1044): Access denied for user 'firealer_firealer'@'95.216.7.254' to database 'firealer_monitoringdb' in /home/firealer/public_html/status.php on line 11
[03-Apr-2020 16:48:45 UTC] PHP Warning:  mysqli::mysqli(): (HY000/1044): Access denied for user 'firealer_firealer'@'localhost' to database 'firealer_monitoringdb' in /home/firealer/public_html/status.php on line 11
[03-Apr-2020 16:50:58 UTC] PHP Warning:  mysqli::mysqli(): (HY000/1044): Access denied for user 'firealer_firealer'@'localhost' to database 'firealer_monitoringdb' in /home/firealer/public_html/status.php on line 11
[03-Apr-2020 16:51:02 UTC] PHP Warning:  mysqli::mysqli(): (HY000/1044): Access denied for user 'firealer_firealer'@'localhost' to database 'firealer_monitoringdb' in /home/firealer/public_html/status.php on line 11
[03-Apr-2020 16:53:15 UTC] PHP Warning:  mysqli::mysqli(): (HY000/1044): Access denied for user 'firealer_firealer'@'95.216.7.254' to database 'firealer_monitoringdb' in /home/firealer/public_html/status.php on line 11
[03-Apr-2020 16:53:28 UTC] PHP Warning:  mysqli::mysqli(): (HY000/1044): Access denied for user 'firealer_firealer'@'95.216.7.254' to database 'firealer_monitoringdb' in /home/firealer/public_html/status.php on line 11
[03-Apr-2020 16:56:17 UTC] PHP Warning:  mysqli::mysqli(): (HY000/1044): Access denied for user 'firealer_firealer'@'95.216.7.254' to database 'firealer_monitoringdb' in /home/firealer/public_html/status.php on line 11
[03-Apr-2020 16:56:19 UTC] PHP Warning:  mysqli::mysqli(): (HY000/1044): Access denied for user 'firealer_firealer'@'95.216.7.254' to database 'firealer_monitoringdb' in /home/firealer/public_html/status.php on line 11
[03-Apr-2020 16:56:31 UTC] PHP Warning:  mysqli::mysqli(): (HY000/1044): Access denied for user 'firealer_firealer'@'95.216.7.254' to database 'firealer_monitoringdb' in /home/firealer/public_html/status.php on line 11
[03-Apr-2020 16:58:11 UTC] PHP Warning:  mysqli::mysqli(): (HY000/1044): Access denied for user 'firealer_firealer'@'95.216.7.254' to database 'firealer_monitoringdb' in /home/firealer/public_html/status.php on line 11
[03-Apr-2020 16:59:51 UTC] PHP Warning:  mysqli::mysqli(): (HY000/1044): Access denied for user 'firealer_firealer'@'95.216.7.254' to database 'firealer_monitoringdb' in /home/firealer/public_html/status.php on line 11
[03-Apr-2020 17:58:57 UTC] PHP Deprecated:  Automatically populating $HTTP_RAW_POST_DATA is deprecated and will be removed in a future version. To avoid this warning set 'always_populate_raw_post_data' to '-1' in php.ini and use the php://input stream instead. in Unknown on line 0
[03-Apr-2020 17:59:31 UTC] PHP Deprecated:  Automatically populating $HTTP_RAW_POST_DATA is deprecated and will be removed in a future version. To avoid this warning set 'always_populate_raw_post_data' to '-1' in php.ini and use the php://input stream instead. in Unknown on line 0
[15-Apr-2020 15:00:30 UTC] PHP Deprecated:  Automatically populating $HTTP_RAW_POST_DATA is deprecated and will be removed in a future version. To avoid this warning set 'always_populate_raw_post_data' to '-1' in php.ini and use the php://input stream instead. in Unknown on line 0
[15-Apr-2020 15:21:43 UTC] PHP Deprecated:  Automatically populating $HTTP_RAW_POST_DATA is deprecated and will be removed in a future version. To avoid this warning set 'always_populate_raw_post_data' to '-1' in php.ini and use the php://input stream instead. in Unknown on line 0
[15-Apr-2020 15:24:25 UTC] PHP Deprecated:  Automatically populating $HTTP_RAW_POST_DATA is deprecated and will be removed in a future version. To avoid this warning set 'always_populate_raw_post_data' to '-1' in php.ini and use the php://input stream instead. in Unknown on line 0
[15-Apr-2020 15:25:21 UTC] PHP Deprecated:  Automatically populating $HTTP_RAW_POST_DATA is deprecated and will be removed in a future version. To avoid this warning set 'always_populate_raw_post_data' to '-1' in php.ini and use the php://input stream instead. in Unknown on line 0
[16-Apr-2020 14:53:55 UTC] PHP Deprecated:  Automatically populating $HTTP_RAW_POST_DATA is deprecated and will be removed in a future version. To avoid this warning set 'always_populate_raw_post_data' to '-1' in php.ini and use the php://input stream instead. in Unknown on line 0
[16-Apr-2020 14:54:28 UTC] PHP Deprecated:  Automatically populating $HTTP_RAW_POST_DATA is deprecated and will be removed in a future version. To avoid this warning set 'always_populate_raw_post_data' to '-1' in php.ini and use the php://input stream instead. in Unknown on line 0
[16-Apr-2020 14:55:08 UTC] PHP Deprecated:  Automatically populating $HTTP_RAW_POST_DATA is deprecated and will be removed in a future version. To avoid this warning set 'always_populate_raw_post_data' to '-1' in php.ini and use the php://input stream instead. in Unknown on line 0
[16-Apr-2020 14:55:39 UTC] PHP Deprecated:  Automatically populating $HTTP_RAW_POST_DATA is deprecated and will be removed in a future version. To avoid this warning set 'always_populate_raw_post_data' to '-1' in php.ini and use the php://input stream instead. in Unknown on line 0
[16-Apr-2020 14:56:08 UTC] PHP Deprecated:  Automatically populating $HTTP_RAW_POST_DATA is deprecated and will be removed in a future version. To avoid this warning set 'always_populate_raw_post_data' to '-1' in php.ini and use the php://input stream instead. in Unknown on line 0
[16-Apr-2020 14:56:28 UTC] PHP Deprecated:  Automatically populating $HTTP_RAW_POST_DATA is deprecated and will be removed in a future version. To avoid this warning set 'always_populate_raw_post_data' to '-1' in php.ini and use the php://input stream instead. in Unknown on line 0
[16-Apr-2020 14:56:49 UTC] PHP Deprecated:  Automatically populating $HTTP_RAW_POST_DATA is deprecated and will be removed in a future version. To avoid this warning set 'always_populate_raw_post_data' to '-1' in php.ini and use the php://input stream instead. in Unknown on line 0
[16-Apr-2020 14:57:20 UTC] PHP Deprecated:  Automatically populating $HTTP_RAW_POST_DATA is deprecated and will be removed in a future version. To avoid this warning set 'always_populate_raw_post_data' to '-1' in php.ini and use the php://input stream instead. in Unknown on line 0
[16-Apr-2020 14:57:49 UTC] PHP Deprecated:  Automatically populating $HTTP_RAW_POST_DATA is deprecated and will be removed in a future version. To avoid this warning set 'always_populate_raw_post_data' to '-1' in php.ini and use the php://input stream instead. in Unknown on line 0
[16-Apr-2020 14:58:20 UTC] PHP Deprecated:  Automatically populating $HTTP_RAW_POST_DATA is deprecated and will be removed in a future version. To avoid this warning set 'always_populate_raw_post_data' to '-1' in php.ini and use the php://input stream instead. in Unknown on line 0
[16-Apr-2020 14:58:49 UTC] PHP Deprecated:  Automatically populating $HTTP_RAW_POST_DATA is deprecated and will be removed in a future version. To avoid this warning set 'always_populate_raw_post_data' to '-1' in php.ini and use the php://input stream instead. in Unknown on line 0
[16-Apr-2020 14:59:06 UTC] PHP Deprecated:  Automatically populating $HTTP_RAW_POST_DATA is deprecated and will be removed in a future version. To avoid this warning set 'always_populate_raw_post_data' to '-1' in php.ini and use the php://input stream instead. in Unknown on line 0
[16-Apr-2020 14:59:20 UTC] PHP Deprecated:  Automatically populating $HTTP_RAW_POST_DATA is deprecated and will be removed in a future version. To avoid this warning set 'always_populate_raw_post_data' to '-1' in php.ini and use the php://input stream instead. in Unknown on line 0
[16-Apr-2020 14:59:50 UTC] PHP Deprecated:  Automatically populating $HTTP_RAW_POST_DATA is deprecated and will be removed in a future version. To avoid this warning set 'always_populate_raw_post_data' to '-1' in php.ini and use the php://input stream instead. in Unknown on line 0
[16-Apr-2020 15:00:20 UTC] PHP Deprecated:  Automatically populating $HTTP_RAW_POST_DATA is deprecated and will be removed in a future version. To avoid this warning set 'always_populate_raw_post_data' to '-1' in php.ini and use the php://input stream instead. in Unknown on line 0
[16-Apr-2020 15:00:29 UTC] PHP Deprecated:  Automatically populating $HTTP_RAW_POST_DATA is deprecated and will be removed in a future version. To avoid this warning set 'always_populate_raw_post_data' to '-1' in php.ini and use the php://input stream instead. in Unknown on line 0
[16-Apr-2020 15:00:39 UTC] PHP Deprecated:  Automatically populating $HTTP_RAW_POST_DATA is deprecated and will be removed in a future version. To avoid this warning set 'always_populate_raw_post_data' to '-1' in php.ini and use the php://input stream instead. in Unknown on line 0
[16-Apr-2020 15:00:54 UTC] PHP Deprecated:  Automatically populating $HTTP_RAW_POST_DATA is deprecated and will be removed in a future version. To avoid this warning set 'always_populate_raw_post_data' to '-1' in php.ini and use the php://input stream instead. in Unknown on line 0
[16-Apr-2020 15:01:24 UTC] PHP Deprecated:  Automatically populating $HTTP_RAW_POST_DATA is deprecated and will be removed in a future version. To avoid this warning set 'always_populate_raw_post_data' to '-1' in php.ini and use the php://input stream instead. in Unknown on line 0
[16-Apr-2020 15:01:54 UTC] PHP Deprecated:  Automatically populating $HTTP_RAW_POST_DATA is deprecated and will be removed in a future version. To avoid this warning set 'always_populate_raw_post_data' to '-1' in php.ini and use the php://input stream instead. in Unknown on line 0
[16-Apr-2020 15:01:54 UTC] PHP Deprecated:  Automatically populating $HTTP_RAW_POST_DATA is deprecated and will be removed in a future version. To avoid this warning set 'always_populate_raw_post_data' to '-1' in php.ini and use the php://input stream instead. in Unknown on line 0
[16-Apr-2020 15:02:16 UTC] PHP Deprecated:  Automatically populating $HTTP_RAW_POST_DATA is deprecated and will be removed in a future version. To avoid this warning set 'always_populate_raw_post_data' to '-1' in php.ini and use the php://input stream instead. in Unknown on line 0
[16-Apr-2020 15:02:25 UTC] PHP Deprecated:  Automatically populating $HTTP_RAW_POST_DATA is deprecated and will be removed in a future version. To avoid this warning set 'always_populate_raw_post_data' to '-1' in php.ini and use the php://input stream instead. in Unknown on line 0
[16-Apr-2020 15:02:54 UTC] PHP Deprecated:  Automatically populating $HTTP_RAW_POST_DATA is deprecated and will be removed in a future version. To avoid this warning set 'always_populate_raw_post_data' to '-1' in php.ini and use the php://input stream instead. in Unknown on line 0
[16-Apr-2020 15:03:32 UTC] PHP Deprecated:  Automatically populating $HTTP_RAW_POST_DATA is deprecated and will be removed in a future version. To avoid this warning set 'always_populate_raw_post_data' to '-1' in php.ini and use the php://input stream instead. in Unknown on line 0
[16-Apr-2020 15:03:59 UTC] PHP Deprecated:  Automatically populating $HTTP_RAW_POST_DATA is deprecated and will be removed in a future version. To avoid this warning set 'always_populate_raw_post_data' to '-1' in php.ini and use the php://input stream instead. in Unknown on line 0
[16-Apr-2020 15:04:30 UTC] PHP Deprecated:  Automatically populating $HTTP_RAW_POST_DATA is deprecated and will be removed in a future version. To avoid this warning set 'always_populate_raw_post_data' to '-1' in php.ini and use the php://input stream instead. in Unknown on line 0
[16-Apr-2020 15:04:57 UTC] PHP Deprecated:  Automatically populating $HTTP_RAW_POST_DATA is deprecated and will be removed in a future version. To avoid this warning set 'always_populate_raw_post_data' to '-1' in php.ini and use the php://input stream instead. in Unknown on line 0
[16-Apr-2020 15:04:59 UTC] PHP Deprecated:  Automatically populating $HTTP_RAW_POST_DATA is deprecated and will be removed in a future version. To avoid this warning set 'always_populate_raw_post_data' to '-1' in php.ini and use the php://input stream instead. in Unknown on line 0
[16-Apr-2020 15:05:29 UTC] PHP Deprecated:  Automatically populating $HTTP_RAW_POST_DATA is deprecated and will be removed in a future version. To avoid this warning set 'always_populate_raw_post_data' to '-1' in php.ini and use the php://input stream instead. in Unknown on line 0
[16-Apr-2020 15:05:59 UTC] PHP Deprecated:  Automatically populating $HTTP_RAW_POST_DATA is deprecated and will be removed in a future version. To avoid this warning set 'always_populate_raw_post_data' to '-1' in php.ini and use the php://input stream instead. in Unknown on line 0
[16-Apr-2020 15:06:30 UTC] PHP Deprecated:  Automatically populating $HTTP_RAW_POST_DATA is deprecated and will be removed in a future version. To avoid this warning set 'always_populate_raw_post_data' to '-1' in php.ini and use the php://input stream instead. in Unknown on line 0
[16-Apr-2020 15:06:53 UTC] PHP Deprecated:  Automatically populating $HTTP_RAW_POST_DATA is deprecated and will be removed in a future version. To avoid this warning set 'always_populate_raw_post_data' to '-1' in php.ini and use the php://input stream instead. in Unknown on line 0
[16-Apr-2020 15:07:16 UTC] PHP Deprecated:  Automatically populating $HTTP_RAW_POST_DATA is deprecated and will be removed in a future version. To avoid this warning set 'always_populate_raw_post_data' to '-1' in php.ini and use the php://input stream instead. in Unknown on line 0
[16-Apr-2020 15:07:47 UTC] PHP Deprecated:  Automatically populating $HTTP_RAW_POST_DATA is deprecated and will be removed in a future version. To avoid this warning set 'always_populate_raw_post_data' to '-1' in php.ini and use the php://input stream instead. in Unknown on line 0
[16-Apr-2020 15:12:23 UTC] PHP Deprecated:  Automatically populating $HTTP_RAW_POST_DATA is deprecated and will be removed in a future version. To avoid this warning set 'always_populate_raw_post_data' to '-1' in php.ini and use the php://input stream instead. in Unknown on line 0
[16-Apr-2020 15:12:26 UTC] PHP Deprecated:  Automatically populating $HTTP_RAW_POST_DATA is deprecated and will be removed in a future version. To avoid this warning set 'always_populate_raw_post_data' to '-1' in php.ini and use the php://input stream instead. in Unknown on line 0
[16-Apr-2020 15:12:48 UTC] PHP Deprecated:  Automatically populating $HTTP_RAW_POST_DATA is deprecated and will be removed in a future version. To avoid this warning set 'always_populate_raw_post_data' to '-1' in php.ini and use the php://input stream instead. in Unknown on line 0
[16-Apr-2020 15:13:19 UTC] PHP Deprecated:  Automatically populating $HTTP_RAW_POST_DATA is deprecated and will be removed in a future version. To avoid this warning set 'always_populate_raw_post_data' to '-1' in php.ini and use the php://input stream instead. in Unknown on line 0
[16-Apr-2020 15:13:48 UTC] PHP Deprecated:  Automatically populating $HTTP_RAW_POST_DATA is deprecated and will be removed in a future version. To avoid this warning set 'always_populate_raw_post_data' to '-1' in php.ini and use the php://input stream instead. in Unknown on line 0
[16-Apr-2020 15:14:18 UTC] PHP Deprecated:  Automatically populating $HTTP_RAW_POST_DATA is deprecated and will be removed in a future version. To avoid this warning set 'always_populate_raw_post_data' to '-1' in php.ini and use the php://input stream instead. in Unknown on line 0
[16-Apr-2020 15:14:48 UTC] PHP Deprecated:  Automatically populating $HTTP_RAW_POST_DATA is deprecated and will be removed in a future version. To avoid this warning set 'always_populate_raw_post_data' to '-1' in php.ini and use the php://input stream instead. in Unknown on line 0
[16-Apr-2020 15:16:38 UTC] PHP Deprecated:  Automatically populating $HTTP_RAW_POST_DATA is deprecated and will be removed in a future version. To avoid this warning set 'always_populate_raw_post_data' to '-1' in php.ini and use the php://input stream instead. in Unknown on line 0
[16-Apr-2020 15:17:05 UTC] PHP Deprecated:  Automatically populating $HTTP_RAW_POST_DATA is deprecated and will be removed in a future version. To avoid this warning set 'always_populate_raw_post_data' to '-1' in php.ini and use the php://input stream instead. in Unknown on line 0
[16-Apr-2020 15:17:35 UTC] PHP Deprecated:  Automatically populating $HTTP_RAW_POST_DATA is deprecated and will be removed in a future version. To avoid this warning set 'always_populate_raw_post_data' to '-1' in php.ini and use the php://input stream instead. in Unknown on line 0
[16-Apr-2020 15:18:05 UTC] PHP Deprecated:  Automatically populating $HTTP_RAW_POST_DATA is deprecated and will be removed in a future version. To avoid this warning set 'always_populate_raw_post_data' to '-1' in php.ini and use the php://input stream instead. in Unknown on line 0
[16-Apr-2020 15:18:20 UTC] PHP Deprecated:  Automatically populating $HTTP_RAW_POST_DATA is deprecated and will be removed in a future version. To avoid this warning set 'always_populate_raw_post_data' to '-1' in php.ini and use the php://input stream instead. in Unknown on line 0
[16-Apr-2020 15:18:42 UTC] PHP Deprecated:  Automatically populating $HTTP_RAW_POST_DATA is deprecated and will be removed in a future version. To avoid this warning set 'always_populate_raw_post_data' to '-1' in php.ini and use the php://input stream instead. in Unknown on line 0
[16-Apr-2020 15:19:12 UTC] PHP Deprecated:  Automatically populating $HTTP_RAW_POST_DATA is deprecated and will be removed in a future version. To avoid this warning set 'always_populate_raw_post_data' to '-1' in php.ini and use the php://input stream instead. in Unknown on line 0
[16-Apr-2020 15:19:43 UTC] PHP Deprecated:  Automatically populating $HTTP_RAW_POST_DATA is deprecated and will be removed in a future version. To avoid this warning set 'always_populate_raw_post_data' to '-1' in php.ini and use the php://input stream instead. in Unknown on line 0
[16-Apr-2020 15:20:12 UTC] PHP Deprecated:  Automatically populating $HTTP_RAW_POST_DATA is deprecated and will be removed in a future version. To avoid this warning set 'always_populate_raw_post_data' to '-1' in php.ini and use the php://input stream instead. in Unknown on line 0
[16-Apr-2020 15:20:42 UTC] PHP Deprecated:  Automatically populating $HTTP_RAW_POST_DATA is deprecated and will be removed in a future version. To avoid this warning set 'always_populate_raw_post_data' to '-1' in php.ini and use the php://input stream instead. in Unknown on line 0
[16-Apr-2020 15:21:12 UTC] PHP Deprecated:  Automatically populating $HTTP_RAW_POST_DATA is deprecated and will be removed in a future version. To avoid this warning set 'always_populate_raw_post_data' to '-1' in php.ini and use the php://input stream instead. in Unknown on line 0
[16-Apr-2020 15:21:42 UTC] PHP Deprecated:  Automatically populating $HTTP_RAW_POST_DATA is deprecated and will be removed in a future version. To avoid this warning set 'always_populate_raw_post_data' to '-1' in php.ini and use the php://input stream instead. in Unknown on line 0
[16-Apr-2020 15:22:12 UTC] PHP Deprecated:  Automatically populating $HTTP_RAW_POST_DATA is deprecated and will be removed in a future version. To avoid this warning set 'always_populate_raw_post_data' to '-1' in php.ini and use the php://input stream instead. in Unknown on line 0
[16-Apr-2020 15:22:42 UTC] PHP Deprecated:  Automatically populating $HTTP_RAW_POST_DATA is deprecated and will be removed in a future version. To avoid this warning set 'always_populate_raw_post_data' to '-1' in php.ini and use the php://input stream instead. in Unknown on line 0
[16-Apr-2020 15:23:39 UTC] PHP Deprecated:  Automatically populating $HTTP_RAW_POST_DATA is deprecated and will be removed in a future version. To avoid this warning set 'always_populate_raw_post_data' to '-1' in php.ini and use the php://input stream instead. in Unknown on line 0
[16-Apr-2020 15:24:08 UTC] PHP Deprecated:  Automatically populating $HTTP_RAW_POST_DATA is deprecated and will be removed in a future version. To avoid this warning set 'always_populate_raw_post_data' to '-1' in php.ini and use the php://input stream instead. in Unknown on line 0
[16-Apr-2020 15:24:38 UTC] PHP Deprecated:  Automatically populating $HTTP_RAW_POST_DATA is deprecated and will be removed in a future version. To avoid this warning set 'always_populate_raw_post_data' to '-1' in php.ini and use the php://input stream instead. in Unknown on line 0
[16-Apr-2020 15:25:08 UTC] PHP Deprecated:  Automatically populating $HTTP_RAW_POST_DATA is deprecated and will be removed in a future version. To avoid this warning set 'always_populate_raw_post_data' to '-1' in php.ini and use the php://input stream instead. in Unknown on line 0
[16-Apr-2020 15:25:38 UTC] PHP Deprecated:  Automatically populating $HTTP_RAW_POST_DATA is deprecated and will be removed in a future version. To avoid this warning set 'always_populate_raw_post_data' to '-1' in php.ini and use the php://input stream instead. in Unknown on line 0
[16-Apr-2020 15:26:08 UTC] PHP Deprecated:  Automatically populating $HTTP_RAW_POST_DATA is deprecated and will be removed in a future version. To avoid this warning set 'always_populate_raw_post_data' to '-1' in php.ini and use the php://input stream instead. in Unknown on line 0
[16-Apr-2020 15:26:57 UTC] PHP Deprecated:  Automatically populating $HTTP_RAW_POST_DATA is deprecated and will be removed in a future version. To avoid this warning set 'always_populate_raw_post_data' to '-1' in php.ini and use the php://input stream instead. in Unknown on line 0
[16-Apr-2020 15:27:27 UTC] PHP Deprecated:  Automatically populating $HTTP_RAW_POST_DATA is deprecated and will be removed in a future version. To avoid this warning set 'always_populate_raw_post_data' to '-1' in php.ini and use the php://input stream instead. in Unknown on line 0
[16-Apr-2020 15:27:57 UTC] PHP Deprecated:  Automatically populating $HTTP_RAW_POST_DATA is deprecated and will be removed in a future version. To avoid this warning set 'always_populate_raw_post_data' to '-1' in php.ini and use the php://input stream instead. in Unknown on line 0
[16-Apr-2020 15:28:27 UTC] PHP Deprecated:  Automatically populating $HTTP_RAW_POST_DATA is deprecated and will be removed in a future version. To avoid this warning set 'always_populate_raw_post_data' to '-1' in php.ini and use the php://input stream instead. in Unknown on line 0
[16-Apr-2020 15:28:57 UTC] PHP Deprecated:  Automatically populating $HTTP_RAW_POST_DATA is deprecated and will be removed in a future version. To avoid this warning set 'always_populate_raw_post_data' to '-1' in php.ini and use the php://input stream instead. in Unknown on line 0
[16-Apr-2020 15:29:29 UTC] PHP Deprecated:  Automatically populating $HTTP_RAW_POST_DATA is deprecated and will be removed in a future version. To avoid this warning set 'always_populate_raw_post_data' to '-1' in php.ini and use the php://input stream instead. in Unknown on line 0
[16-Apr-2020 15:29:57 UTC] PHP Deprecated:  Automatically populating $HTTP_RAW_POST_DATA is deprecated and will be removed in a future version. To avoid this warning set 'always_populate_raw_post_data' to '-1' in php.ini and use the php://input stream instead. in Unknown on line 0
[16-Apr-2020 15:30:27 UTC] PHP Deprecated:  Automatically populating $HTTP_RAW_POST_DATA is deprecated and will be removed in a future version. To avoid this warning set 'always_populate_raw_post_data' to '-1' in php.ini and use the php://input stream instead. in Unknown on line 0
[16-Apr-2020 15:30:57 UTC] PHP Deprecated:  Automatically populating $HTTP_RAW_POST_DATA is deprecated and will be removed in a future version. To avoid this warning set 'always_populate_raw_post_data' to '-1' in php.ini and use the php://input stream instead. in Unknown on line 0
[16-Apr-2020 15:31:27 UTC] PHP Deprecated:  Automatically populating $HTTP_RAW_POST_DATA is deprecated and will be removed in a future version. To avoid this warning set 'always_populate_raw_post_data' to '-1' in php.ini and use the php://input stream instead. in Unknown on line 0
[16-Apr-2020 15:31:57 UTC] PHP Deprecated:  Automatically populating $HTTP_RAW_POST_DATA is deprecated and will be removed in a future version. To avoid this warning set 'always_populate_raw_post_data' to '-1' in php.ini and use the php://input stream instead. in Unknown on line 0
[16-Apr-2020 15:32:27 UTC] PHP Deprecated:  Automatically populating $HTTP_RAW_POST_DATA is deprecated and will be removed in a future version. To avoid this warning set 'always_populate_raw_post_data' to '-1' in php.ini and use the php://input stream instead. in Unknown on line 0
[16-Apr-2020 15:32:58 UTC] PHP Deprecated:  Automatically populating $HTTP_RAW_POST_DATA is deprecated and will be removed in a future version. To avoid this warning set 'always_populate_raw_post_data' to '-1' in php.ini and use the php://input stream instead. in Unknown on line 0
[16-Apr-2020 15:33:27 UTC] PHP Deprecated:  Automatically populating $HTTP_RAW_POST_DATA is deprecated and will be removed in a future version. To avoid this warning set 'always_populate_raw_post_data' to '-1' in php.ini and use the php://input stream instead. in Unknown on line 0
